mode: set
library/internal/repository/authors_postgres.go:12.53,14.2 1 0
library/internal/repository/authors_postgres.go:16.60,20.2 3 0
library/internal/repository/authors_postgres.go:22.61,24.2 1 0
library/internal/repository/authors_postgres.go:26.65,30.2 3 0
library/internal/repository/authors_postgres.go:32.47,34.2 1 0
library/internal/repository/authors_postgres.go:36.61,38.2 1 0
library/internal/repository/books_postgres.go:14.49,16.2 1 0
library/internal/repository/books_postgres.go:18.56,22.2 3 0
library/internal/repository/books_postgres.go:24.55,26.2 1 0
library/internal/repository/books_postgres.go:28.61,32.2 3 0
library/internal/repository/books_postgres.go:34.45,36.2 1 0
library/internal/repository/books_postgres.go:38.55,40.2 1 0
library/internal/repository/books_postgres.go:42.59,44.107 2 0
library/internal/repository/books_postgres.go:44.107,46.3 1 0
library/internal/repository/books_postgres.go:48.2,54.39 2 0
library/internal/repository/books_postgres.go:57.61,59.131 2 0
library/internal/repository/books_postgres.go:59.131,61.3 1 0
library/internal/repository/books_postgres.go:63.2,65.37 3 0
library/internal/repository/mock_repository.go:26.59,30.2 3 1
library/internal/repository/mock_repository.go:33.57,35.2 1 1
library/internal/repository/mock_repository.go:38.58,43.2 4 1
library/internal/repository/mock_repository.go:46.76,49.2 2 1
library/internal/repository/mock_repository.go:52.44,57.2 4 1
library/internal/repository/mock_repository.go:60.72,63.2 2 1
library/internal/repository/mock_repository.go:66.57,72.2 5 1
library/internal/repository/mock_repository.go:75.58,78.2 2 1
library/internal/repository/mock_repository.go:81.62,87.2 5 1
library/internal/repository/mock_repository.go:90.73,93.2 2 1
library/internal/repository/mock_repository.go:96.58,101.2 4 1
library/internal/repository/mock_repository.go:104.76,107.2 2 1
library/internal/repository/mock_repository.go:121.55,125.2 3 1
library/internal/repository/mock_repository.go:128.53,130.2 1 1
library/internal/repository/mock_repository.go:133.52,138.2 4 1
library/internal/repository/mock_repository.go:141.72,144.2 2 1
library/internal/repository/mock_repository.go:147.42,152.2 4 1
library/internal/repository/mock_repository.go:155.70,158.2 2 1
library/internal/repository/mock_repository.go:161.53,167.2 5 1
library/internal/repository/mock_repository.go:170.56,173.2 2 1
library/internal/repository/mock_repository.go:176.58,182.2 5 1
library/internal/repository/mock_repository.go:185.71,188.2 2 1
library/internal/repository/mock_repository.go:191.56,196.2 4 1
library/internal/repository/mock_repository.go:199.84,202.2 2 1
library/internal/repository/mock_repository.go:205.58,210.2 4 1
library/internal/repository/mock_repository.go:213.86,216.2 2 1
library/internal/repository/mock_repository.go:219.52,224.2 4 1
library/internal/repository/mock_repository.go:227.72,230.2 2 1
library/internal/repository/mock_repository.go:244.55,248.2 3 1
library/internal/repository/mock_repository.go:251.53,253.2 1 1
library/internal/repository/mock_repository.go:256.52,261.2 4 1
library/internal/repository/mock_repository.go:264.72,267.2 2 1
library/internal/repository/mock_repository.go:270.42,275.2 4 1
library/internal/repository/mock_repository.go:278.70,281.2 2 1
library/internal/repository/mock_repository.go:284.53,290.2 5 1
library/internal/repository/mock_repository.go:293.56,296.2 2 1
library/internal/repository/mock_repository.go:299.58,305.2 5 1
library/internal/repository/mock_repository.go:308.71,311.2 2 1
library/internal/repository/mock_repository.go:314.52,319.2 4 1
library/internal/repository/mock_repository.go:322.72,325.2 2 1
library/internal/repository/postgres.go:20.50,25.16 3 0
library/internal/repository/postgres.go:25.16,27.3 1 0
library/internal/repository/postgres.go:29.2,30.16 2 0
library/internal/repository/postgres.go:30.16,32.3 1 0
library/internal/repository/postgres.go:34.2,34.16 1 0
library/internal/repository/repository.go:41.45,47.2 1 0
library/internal/repository/users_postgres.go:12.49,14.2 1 0
library/internal/repository/users_postgres.go:16.56,20.2 3 0
library/internal/repository/users_postgres.go:22.55,24.2 1 0
library/internal/repository/users_postgres.go:26.61,30.2 3 0
library/internal/repository/users_postgres.go:32.45,34.2 1 0
library/internal/repository/users_postgres.go:36.55,38.2 1 0
library/internal/controller/authors.go:20.49,22.16 2 1
library/internal/controller/authors.go:22.16,25.3 2 1
library/internal/controller/authors.go:27.2,28.16 2 1
library/internal/controller/authors.go:28.16,31.3 2 1
library/internal/controller/authors.go:33.2,33.31 1 1
library/internal/controller/authors.go:44.49,46.16 2 1
library/internal/controller/authors.go:46.16,49.3 2 0
library/internal/controller/authors.go:51.2,51.32 1 1
library/internal/controller/authors.go:63.48,65.43 2 1
library/internal/controller/authors.go:65.43,68.3 2 1
library/internal/controller/authors.go:70.2,70.57 1 1
library/internal/controller/authors.go:70.57,73.3 2 0
library/internal/controller/authors.go:75.2,75.63 1 1
library/internal/controller/authors.go:88.48,90.16 2 1
library/internal/controller/authors.go:90.16,93.3 2 1
library/internal/controller/authors.go:95.2,96.43 2 1
library/internal/controller/authors.go:96.43,99.3 2 1
library/internal/controller/authors.go:101.2,102.57 2 1
library/internal/controller/authors.go:102.57,105.3 2 0
library/internal/controller/authors.go:107.2,107.58 1 1
library/internal/controller/authors.go:119.48,121.16 2 1
library/internal/controller/authors.go:121.16,124.3 2 1
library/internal/controller/authors.go:126.2,126.54 1 1
library/internal/controller/authors.go:126.54,129.3 2 0
library/internal/controller/authors.go:131.2,131.58 1 1
library/internal/controller/books.go:20.47,22.16 2 1
library/internal/controller/books.go:22.16,25.3 2 1
library/internal/controller/books.go:27.2,28.16 2 1
library/internal/controller/books.go:28.16,31.3 2 1
library/internal/controller/books.go:33.2,33.29 1 1
library/internal/controller/books.go:45.47,47.16 2 1
library/internal/controller/books.go:47.16,50.3 2 0
library/internal/controller/books.go:52.2,52.30 1 1
library/internal/controller/books.go:64.46,66.43 2 1
library/internal/controller/books.go:66.43,69.3 2 1
library/internal/controller/books.go:71.2,71.55 1 1
library/internal/controller/books.go:71.55,74.3 2 0
library/internal/controller/books.go:76.2,76.61 1 1
library/internal/controller/books.go:89.46,91.16 2 1
library/internal/controller/books.go:91.16,94.3 2 1
library/internal/controller/books.go:96.2,97.43 2 1
library/internal/controller/books.go:97.43,100.3 2 1
library/internal/controller/books.go:102.2,103.55 2 1
library/internal/controller/books.go:103.55,106.3 2 0
library/internal/controller/books.go:108.2,108.56 1 1
library/internal/controller/books.go:120.46,122.16 2 1
library/internal/controller/books.go:122.16,125.3 2 1
library/internal/controller/books.go:127.2,127.52 1 1
library/internal/controller/books.go:127.52,130.3 2 1
library/internal/controller/books.go:132.2,132.56 1 1
library/internal/controller/books.go:149.44,151.43 2 1
library/internal/controller/books.go:151.43,154.3 2 1
library/internal/controller/books.go:156.2,156.78 1 1
library/internal/controller/books.go:156.78,159.3 2 0
library/internal/controller/books.go:161.2,161.55 1 1
library/internal/controller/books.go:173.46,175.43 2 1
library/internal/controller/books.go:175.43,178.3 2 1
library/internal/controller/books.go:180.2,180.80 1 1
library/internal/controller/books.go:180.80,183.3 2 0
library/internal/controller/books.go:185.2,185.57 1 1
library/internal/controller/handler.go:16.53,18.2 1 0
library/internal/controller/handler.go:20.44,28.2 5 0
library/internal/controller/handler.go:28.2,30.3 2 0
library/internal/controller/handler.go:30.3,36.4 5 0
library/internal/controller/handler.go:38.3,39.3 2 0
library/internal/controller/handler.go:39.3,45.4 5 0
library/internal/controller/handler.go:47.3,48.3 2 0
library/internal/controller/handler.go:48.3,54.4 5 0
library/internal/controller/handler.go:56.3,57.3 2 0
library/internal/controller/handler.go:57.3,60.4 2 0
library/internal/controller/handler.go:63.2,63.15 1 0
library/internal/controller/users.go:20.47,22.16 2 1
library/internal/controller/users.go:22.16,25.3 2 1
library/internal/controller/users.go:27.2,28.16 2 1
library/internal/controller/users.go:28.16,31.3 2 1
library/internal/controller/users.go:33.2,33.29 1 1
library/internal/controller/users.go:44.47,46.16 2 1
library/internal/controller/users.go:46.16,49.3 2 0
library/internal/controller/users.go:51.2,51.30 1 1
library/internal/controller/users.go:63.46,65.43 2 1
library/internal/controller/users.go:65.43,68.3 2 1
library/internal/controller/users.go:70.2,70.55 1 1
library/internal/controller/users.go:70.55,73.3 2 0
library/internal/controller/users.go:75.2,75.61 1 1
library/internal/controller/users.go:88.46,90.16 2 1
library/internal/controller/users.go:90.16,93.3 2 1
library/internal/controller/users.go:95.2,96.43 2 1
library/internal/controller/users.go:96.43,99.3 2 1
library/internal/controller/users.go:101.2,102.55 2 1
library/internal/controller/users.go:102.55,105.3 2 0
library/internal/controller/users.go:107.2,107.56 1 1
library/internal/controller/users.go:119.46,121.16 2 1
library/internal/controller/users.go:121.16,124.3 2 1
library/internal/controller/users.go:126.2,126.52 1 1
library/internal/controller/users.go:126.52,129.3 2 1
library/internal/controller/users.go:131.2,131.56 1 1
